<?xml version="1.0" encoding="UTF-8"?>
<!-- Generated by org.testng.reporters.JUnitReportReporter -->
<testsuite hostname="DESKTOP-E0G9098" failures="0" tests="5" name="runner.TestRunner" time="50.485" errors="0" timestamp="2023-07-09T11:41:05 IST" skipped="0">
  <testcase classname="runner.TestRunner" name="runScenario" time="6.440"/>
  <system-out/>
  <testcase classname="runner.TestRunner" name="runScenario" time="10.256"/>
  <system-out/>
  <testcase classname="runner.TestRunner" name="runScenario" time="8.325"/>
  <system-out/>
  <testcase classname="runner.TestRunner" name="runScenario" time="15.811"/>
  <system-out/>
  <testcase classname="runner.TestRunner" name="runScenario" time="9.653"/>
  <system-out/>
</testsuite> <!-- runner.TestRunner -->
